GeospatialSample/Temp/gradleOut/launcher/build/intermediates/manifest_merge_blame_file/release/manifest-merger-blame-release-report.txt
1<?xml version="1.0" encoding="utf-8"?>
2<!-- GENERATED BY UNITY. REMOVE THIS COMMENT TO PREVENT OVERWRITING WHEN EXPORTING AGAIN -->
3<manifest xmlns:android="http://schemas.android.com/apk/res/android"
4    package="com.DefaultCompany.GeospatialSample"
5    android:installLocation="preferExternal"
6    android:versionCode="1"
7    android:versionName="0.1" >
8
9    <uses-sdk
10        android:minSdkVersion="24"
10-->src\main\AndroidManifest.xml
11        android:targetSdkVersion="30" />
11-->src\main\AndroidManifest.xml
12
13    <supports-screens
13-->src\main\AndroidManifest.xml:4:3-163
14        android:anyDensity="true"
14-->src\main\AndroidManifest.xml:4:135-160
15        android:largeScreens="true"
15-->src\main\AndroidManifest.xml:4:78-105
16        android:normalScreens="true"
16-->src\main\AndroidManifest.xml:4:49-77
17        android:smallScreens="true"
17-->src\main\AndroidManifest.xml:4:21-48
18        android:xlargeScreens="true" />
18-->src\main\AndroidManifest.xml:4:106-134
19
20    <uses-feature android:glEsVersion="0x00030000" />
20-->[:unityLibrary] AndroidManifest.xml:12:5-54
20-->[:unityLibrary] AndroidManifest.xml:12:19-51
21
22    <uses-permission android:name="android.permission.INTERNET" />
22-->[:unityLibrary] AndroidManifest.xml:14:5-67
22-->[:unityLibrary] AndroidManifest.xml:14:22-64
23    <uses-permission android:name="android.permission.ACCESS_FINE_LOCATION" />
23-->[:unityLibrary] AndroidManifest.xml:15:5-79
23-->[:unityLibrary] AndroidManifest.xml:15:22-76
24
25    <uses-feature
25-->[:unityLibrary] AndroidManifest.xml:17:5-19:35
26        android:name="android.hardware.location.gps"
26-->[:unityLibrary] AndroidManifest.xml:18:9-53
27        android:required="True" />
27-->[:unityLibrary] AndroidManifest.xml:19:9-32
28    <uses-feature
28-->[:unityLibrary] AndroidManifest.xml:20:5-22:35
29        android:name="android.hardware.location"
29-->[:unityLibrary] AndroidManifest.xml:21:9-49
30        android:required="True" />
30-->[:unityLibrary] AndroidManifest.xml:22:9-32
31    <uses-feature
31-->[:unityLibrary] AndroidManifest.xml:23:5-25:36
32        android:name="android.hardware.touchscreen"
32-->[:unityLibrary] AndroidManifest.xml:24:9-52
33        android:required="false" />
33-->[:unityLibrary] AndroidManifest.xml:25:9-33
34    <uses-feature
34-->[:unityLibrary] AndroidManifest.xml:26:5-28:36
35        android:name="android.hardware.touchscreen.multitouch"
35-->[:unityLibrary] AndroidManifest.xml:27:9-63
36        android:required="false" />
36-->[:unityLibrary] AndroidManifest.xml:28:9-33
37    <uses-feature
37-->[:unityLibrary] AndroidManifest.xml:29:5-31:36
38        android:name="android.hardware.touchscreen.multitouch.distinct"
38-->[:unityLibrary] AndroidManifest.xml:30:9-72
39        android:required="false" />
39-->[:unityLibrary] AndroidManifest.xml:31:9-33
40
41    <uses-permission
41-->[:unityLibrary] AndroidManifest.xml:33:5-35:38
42        android:name="android.permission.ACCESS_COARSE_LOCATION"
42-->[:unityLibrary] AndroidManifest.xml:34:9-65
43        android:minSdkVersion="31" />
43-->[:unityLibrary] AndroidManifest.xml:35:9-35
44    <uses-permission android:name="android.permission.CAMERA" />
44-->[:unityLibrary] AndroidManifest.xml:36:5-65
44-->[:unityLibrary] AndroidManifest.xml:36:22-62
45
46    <uses-feature
46-->[:unityLibrary] AndroidManifest.xml:38:5-40:35
47        android:name="android.hardware.camera.ar"
47-->[:unityLibrary] AndroidManifest.xml:39:9-50
48        android:required="true" />
48-->[:unityLibrary] AndroidManifest.xml:40:9-32
49    <uses-feature
49-->[:unityLibrary] AndroidManifest.xml:41:5-43:35
50        android:name="com.google.ar.core.depth"
50-->[:unityLibrary] AndroidManifest.xml:42:9-48
51        android:required="true" />
51-->[:unityLibrary] AndroidManifest.xml:43:9-32
52
53    <queries>
53-->[:arcore_client:] AndroidManifest.xml:29:5-31:15
54        <package android:name="com.google.ar.core" />
54-->[:arcore_client:] AndroidManifest.xml:30:9-54
54-->[:arcore_client:] AndroidManifest.xml:30:18-51
55    </queries>
56
57    <application
57-->src\main\AndroidManifest.xml:5:3-116
58        android:extractNativeLibs="true"
58-->src\main\AndroidManifest.xml:5:16-48
59        android:icon="@mipmap/app_icon"
59-->src\main\AndroidManifest.xml:5:82-113
60        android:label="@string/app_name" >
60-->src\main\AndroidManifest.xml:5:49-81
61        <activity
61-->[:unityLibrary] AndroidManifest.xml:46:9-66:20
62            android:name="com.unity3d.player.UnityPlayerActivity"
62-->[:unityLibrary] AndroidManifest.xml:47:13-66
63            android:configChanges="mcc|mnc|locale|touchscreen|keyboard|keyboardHidden|navigation|orientation|screenLayout|uiMode|screenSize|smallestScreenSize|fontScale|layoutDirection|density"
63-->[:unityLibrary] AndroidManifest.xml:48:13-194
64            android:hardwareAccelerated="false"
64-->[:unityLibrary] AndroidManifest.xml:49:13-48
65            android:launchMode="singleTask"
65-->[:unityLibrary] AndroidManifest.xml:50:13-44
66            android:resizeableActivity="false"
66-->[:unityLibrary] AndroidManifest.xml:51:13-47
67            android:screenOrientation="fullSensor"
67-->[:unityLibrary] AndroidManifest.xml:52:13-51
68            android:theme="@style/UnityThemeSelector" >
68-->[:unityLibrary] AndroidManifest.xml:53:13-54
69            <intent-filter>
69-->[:unityLibrary] AndroidManifest.xml:54:13-58:29
70                <action android:name="android.intent.action.MAIN" />
70-->[:unityLibrary] AndroidManifest.xml:55:17-69
70-->[:unityLibrary] AndroidManifest.xml:55:25-66
71
72                <category android:name="android.intent.category.LAUNCHER" />
72-->[:unityLibrary] AndroidManifest.xml:57:17-77
72-->[:unityLibrary] AndroidManifest.xml:57:27-74
73            </intent-filter>
74
75            <meta-data
75-->[:unityLibrary] AndroidManifest.xml:60:13-62:40
76                android:name="unityplayer.UnityActivity"
76-->[:unityLibrary] AndroidManifest.xml:61:17-57
77                android:value="true" />
77-->[:unityLibrary] AndroidManifest.xml:62:17-37
78            <meta-data
78-->[:unityLibrary] AndroidManifest.xml:63:13-65:40
79                android:name="android.notch_support"
79-->[:unityLibrary] AndroidManifest.xml:64:17-53
80                android:value="true" />
80-->[:unityLibrary] AndroidManifest.xml:65:17-37
81        </activity>
82
83        <meta-data
83-->[:unityLibrary] AndroidManifest.xml:68:9-70:33
84            android:name="unity.splash-mode"
84-->[:unityLibrary] AndroidManifest.xml:69:13-45
85            android:value="0" />
85-->[:unityLibrary] AndroidManifest.xml:70:13-30
86        <meta-data
86-->[:unityLibrary] AndroidManifest.xml:71:9-73:36
87            android:name="unity.splash-enable"
87-->[:unityLibrary] AndroidManifest.xml:72:13-47
88            android:value="True" />
88-->[:unityLibrary] AndroidManifest.xml:73:13-33
89        <meta-data
89-->[:unityLibrary] AndroidManifest.xml:74:9-76:37
90            android:name="unity.allow-resizable-window"
90-->[:unityLibrary] AndroidManifest.xml:75:13-56
91            android:value="False" />
91-->[:unityLibrary] AndroidManifest.xml:76:13-34
92        <meta-data
92-->[:unityLibrary] AndroidManifest.xml:77:9-79:50
93            android:name="notch.config"
93-->[:unityLibrary] AndroidManifest.xml:78:13-40
94            android:value="portrait|landscape" />
94-->[:unityLibrary] AndroidManifest.xml:79:13-47
95        <meta-data
95-->[:unityLibrary] AndroidManifest.xml:80:9-82:68
96            android:name="unity.build-id"
96-->[:unityLibrary] AndroidManifest.xml:81:13-42
97            android:value="9aa3911a-31c9-4eb4-a1c6-6e28a66c29a1" />
97-->[:unityLibrary] AndroidManifest.xml:82:13-65
98        <meta-data
98-->[:unityLibrary] AndroidManifest.xml:83:9-85:71
99            android:name="com.google.android.ar.API_KEY"
99-->[:unityLibrary] AndroidManifest.xml:84:13-57
100            android:value="AIzaSyBjgkzpPQIyalvGNwS30w4JACV7CECOpOc" />
100-->[:unityLibrary] AndroidManifest.xml:85:13-68
101        <meta-data
101-->[:unityLibrary] AndroidManifest.xml:86:9-88:36
102            android:name="unityplayer.SkipPermissionsDialog"
102-->[:unityLibrary] AndroidManifest.xml:87:13-61
103            android:value="true" />
103-->[:unityLibrary] AndroidManifest.xml:88:13-33
104        <meta-data
104-->[:unityLibrary] AndroidManifest.xml:89:9-91:40
105            android:name="com.google.ar.core"
105-->[:unityLibrary] AndroidManifest.xml:90:13-46
106            android:value="required" />
106-->[:unityLibrary] AndroidManifest.xml:91:13-37
107        <meta-data
107-->[:android.arch.lifecycle.runtime-1.0.0:] AndroidManifest.xml:25:9-27:47
108            android:name="android.arch.lifecycle.VERSION"
108-->[:android.arch.lifecycle.runtime-1.0.0:] AndroidManifest.xml:26:13-58
109            android:value="27.0.0-SNAPSHOT" /> <!-- The minimal version code of ARCore APK required for an app using this SDK. -->
109-->[:android.arch.lifecycle.runtime-1.0.0:] AndroidManifest.xml:27:13-44
110        <meta-data
110-->[:arcore_client:] AndroidManifest.xml:36:9-38:41
111            android:name="com.google.ar.core.min_apk_version"
111-->[:arcore_client:] AndroidManifest.xml:37:13-62
112            android:value="220920000" /> <!-- This activity is critical for installing ARCore when it is not already present. -->
112-->[:arcore_client:] AndroidManifest.xml:38:13-38
113        <activity
113-->[:arcore_client:] AndroidManifest.xml:40:9-46:80
114            android:name="com.google.ar.core.InstallActivity"
114-->[:arcore_client:] AndroidManifest.xml:41:13-62
115            android:configChanges="keyboardHidden|orientation|screenSize"
115-->[:arcore_client:] AndroidManifest.xml:42:13-74
116            android:excludeFromRecents="true"
116-->[:arcore_client:] AndroidManifest.xml:43:13-46
117            android:exported="false"
117-->[:arcore_client:] AndroidManifest.xml:44:13-37
118            android:launchMode="singleTop"
118-->[:arcore_client:] AndroidManifest.xml:45:13-43
119            android:theme="@android:style/Theme.Material.Light.Dialog.Alert" />
119-->[:arcore_client:] AndroidManifest.xml:46:13-77
120
121        <meta-data
121-->[:com.android.support.support-compat-26.1.0:] AndroidManifest.xml:26:9-28:38
122            android:name="android.support.VERSION"
122-->[:com.android.support.support-compat-26.1.0:] AndroidManifest.xml:27:13-51
123            android:value="26.1.0" />
123-->[:com.android.support.support-compat-26.1.0:] AndroidManifest.xml:28:13-35
124
125        <activity
125-->[:com.google.android.gms.play-services-base-16.0.1:] AndroidManifest.xml:23:9-26:75
126            android:name="com.google.android.gms.common.api.GoogleApiActivity"
126-->[:com.google.android.gms.play-services-base-16.0.1:] AndroidManifest.xml:24:13-79
127            android:exported="false"
127-->[:com.google.android.gms.play-services-base-16.0.1:] AndroidManifest.xml:25:13-37
128            android:theme="@android:style/Theme.Translucent.NoTitleBar" />
128-->[:com.google.android.gms.play-services-base-16.0.1:] AndroidManifest.xml:26:13-72
129
130        <meta-data
130-->[:com.google.android.gms.play-services-basement-16.0.1:] AndroidManifest.xml:23:9-25:69
131            android:name="com.google.android.gms.version"
131-->[:com.google.android.gms.play-services-basement-16.0.1:] AndroidManifest.xml:24:13-58
132            android:value="@integer/google_play_services_version" />
132-->[:com.google.android.gms.play-services-basement-16.0.1:] AndroidManifest.xml:25:13-66
133    </application>
134
135</manifest>